Using pre-set license
Built from '2020.3/staging' branch; Version is '2020.3.25f1 (9b9180224418) revision 10195328'; Using compiler version '192528614'; Build Type 'Release'
OS: 'Windows 10  (10.0.18363) 64bit Core' Language: 'en' Physical Memory: 12188 MB
BatchMode: 1, IsHumanControllingUs: 0, StartBugReporterOnCrash: 0, Is64bit: 1, IsPro: 0

COMMAND LINE ARGUMENTS:
C:\Program Files\Unity\Hub\Editor\2020.3.25f1\Editor\Unity.exe
-adb2
-batchMode
-noUpm
-name
AssetImportWorker2
-projectPath
D:/Unity Back Up/My project
-logFile
Logs/AssetImportWorker2.log
-srvPort
65331
Successfully changed project path to: D:/Unity Back Up/My project
D:/Unity Back Up/My project
Using Asset Import Pipeline V2.
Refreshing native plugins compatible for Editor in 130.48 ms, found 3 plugins.
Preloading 0 native plugins for Editor in 0.00 ms.
Initialize engine version: 2020.3.25f1 (9b9180224418)
[Subsystems] Discovering subsystems at path C:/Program Files/Unity/Hub/Editor/2020.3.25f1/Editor/Data/Resources/UnitySubsystems
[Subsystems] Discovering subsystems at path D:/Unity Back Up/My project/Assets
GfxDevice: creating device client; threaded=0
Direct3D:
    Version:  Direct3D 11.0 [level 11.0]
    Renderer: NVIDIA GeForce 920MX (ID=0x134f)
    Vendor:   
    VRAM:     2010 MB
    Driver:   31.0.15.1694
Initialize mono
Mono path[0] = 'C:/Program Files/Unity/Hub/Editor/2020.3.25f1/Editor/Data/Managed'
Mono path[1] = 'C:/Program Files/Unity/Hub/Editor/2020.3.25f1/Editor/Data/MonoBleedingEdge/lib/mono/unityjit'
Mono config path = 'C:/Program Files/Unity/Hub/Editor/2020.3.25f1/Editor/Data/MonoBleedingEdge/etc'
Using monoOptions --debugger-agent=transport=dt_socket,embedding=1,server=y,suspend=n,address=127.0.0.1:56024
Begin MonoManager ReloadAssembly
Registering precompiled unity dll's ...
Register platform support module: C:/Program Files/Unity/Hub/Editor/2020.3.25f1/Editor/Data/PlaybackEngines/MacStandaloneSupport/UnityEditor.OSXStandalone.Extensions.dll
Register platform support module: C:/Program Files/Unity/Hub/Editor/2020.3.25f1/Editor/Data/PlaybackEngines/WindowsStandaloneSupport/UnityEditor.WindowsStandalone.Extensions.dll
Registered in 0.005646 seconds.
Native extension for WindowsStandalone target not found
Native extension for OSXStandalone target not found
Refreshing native plugins compatible for Editor in 160.05 ms, found 3 plugins.
Preloading 0 native plugins for Editor in 0.00 ms.
Mono: successfully reloaded assembly
- Completed reload, in  2.751 seconds
Domain Reload Profiling:
	ReloadAssembly (2752ms)
		BeginReloadAssembly (125ms)
			ExecutionOrderSort (0ms)
			DisableScriptedObjects (0ms)
			BackupInstance (0ms)
			ReleaseScriptingObjects (0ms)
			CreateAndSetChildDomain (2ms)
		EndReloadAssembly (1732ms)
			LoadAssemblies (113ms)
			RebuildTransferFunctionScriptingTraits (0ms)
			SetupTypeCache (702ms)
			ReleaseScriptCaches (0ms)
			RebuildScriptCaches (107ms)
			SetupLoadedEditorAssemblies (523ms)
				LogAssemblyErrors (0ms)
				InitializePlatformSupportModulesInManaged (11ms)
				SetLoadedEditorAssemblies (0ms)
				RefreshPlugins (160ms)
				BeforeProcessingInitializeOnLoad (32ms)
				ProcessInitializeOnLoadAttributes (217ms)
				ProcessInitializeOnLoadMethodAttributes (102ms)
				AfterProcessingInitializeOnLoad (0ms)
				EditorAssembliesLoaded (1ms)
			ExecutionOrderSort2 (0ms)
			AwakeInstancesAfterBackupRestoration (0ms)
Platform modules already initialized, skipping
Registering precompiled user dll's ...
Registered in 0.007591 seconds.
Begin MonoManager ReloadAssembly
Native extension for WindowsStandalone target not found
Native extension for OSXStandalone target not found
Refreshing native plugins compatible for Editor in 183.24 ms, found 3 plugins.
Preloading 0 native plugins for Editor in 0.00 ms.
Mono: successfully reloaded assembly
- Completed reload, in  2.824 seconds
Domain Reload Profiling:
	ReloadAssembly (2826ms)
		BeginReloadAssembly (319ms)
			ExecutionOrderSort (0ms)
			DisableScriptedObjects (11ms)
			BackupInstance (0ms)
			ReleaseScriptingObjects (0ms)
			CreateAndSetChildDomain (44ms)
		EndReloadAssembly (2388ms)
			LoadAssemblies (198ms)
			RebuildTransferFunctionScriptingTraits (0ms)
			SetupTypeCache (706ms)
			ReleaseScriptCaches (1ms)
			RebuildScriptCaches (113ms)
			SetupLoadedEditorAssemblies (1093ms)
				LogAssemblyErrors (0ms)
				InitializePlatformSupportModulesInManaged (8ms)
				SetLoadedEditorAssemblies (0ms)
				RefreshPlugins (183ms)
				BeforeProcessingInitializeOnLoad (296ms)
				ProcessInitializeOnLoadAttributes (555ms)
				ProcessInitializeOnLoadMethodAttributes (37ms)
				AfterProcessingInitializeOnLoad (13ms)
				EditorAssembliesLoaded (0ms)
			ExecutionOrderSort2 (0ms)
			AwakeInstancesAfterBackupRestoration (12ms)
Platform modules already initialized, skipping
========================================================================
Worker process is ready to serve import requests
Launched and connected shader compiler UnityShaderCompiler.exe after 0.49 seconds
Refreshing native plugins compatible for Editor in 2.40 ms, found 3 plugins.
Preloading 0 native plugins for Editor in 0.00 ms.
Unloading 3044 Unused Serialized files (Serialized files now loaded: 0)
System memory in use before: 137.3 MB.
System memory in use after: 137.5 MB.

Unloading 28 unused Assets to reduce memory usage. Loaded Objects now: 3496.
Total: 6.427900 ms (FindLiveObjects: 0.533500 ms CreateObjectMapping: 0.347200 ms MarkObjects: 5.318200 ms  DeleteObjects: 0.227400 ms)

AssetImportParameters requested are different than current active one (requested -> active):
  custom:framework-win-MediaFoundation: 216162199b28c13a410421893ffa2e32 -> 
  custom:video-decoder-ogg-theora: a1e56fd34408186e4bbccfd4996cb3dc -> 
  custom:container-muxer-webm: aa71ff27fc2769a1b78a27578f13a17b -> 
  custom:container-demuxer-webm: 4f35f7cbe854078d1ac9338744f61a02 -> 
  custom:container-demuxer-ogg: 62fdf1f143b41e24485cea50d1cbac27 -> 
  custom:video-encoder-webm-vp8: eb34c28f22e8b96e1ab97ce403110664 -> 
  custom:video-codec-MediaFoundation-h265: 746d11721c4dcdbdad8f713fa42b33f4 -> 
  custom:video-decoder-webm-vp8: 9c59270c3fd7afecdb556c50c9e8de78 -> 
  custom:audio-decoder-ogg-vorbis: bf7c407c2cedff20999df2af8eb42d56 -> 
  custom:audio-encoder-webm-vorbis: bf7c407c2cedff20999df2af8eb42d56 -> 
========================================================================
Received Import Request.
  path: Assets/Sprites/Tilesets/Hills.png
  artifactKey: Guid(fec129c003ba3ab43bdf3de17a2c194c) Importer(815301076,1909f56bfc062723c751e8b465ee728b)
Start importing Assets/Sprites/Tilesets/Hills.png using Guid(fec129c003ba3ab43bdf3de17a2c194c) Importer(815301076,1909f56bfc062723c751e8b465ee728b)  -> (artifact id: '164e15be037a2e6435d9a49060c21bf7') in 0.644478 seconds 
  Import took 0.673081 seconds .

========================================================================
Received Import Request.
  Time since last request: 8.295203 seconds.
  path: Assets/Sprites/Tilesets/Hills.png
  artifactKey: Guid(fec129c003ba3ab43bdf3de17a2c194c) Importer(815301076,1909f56bfc062723c751e8b465ee728b)
Start importing Assets/Sprites/Tilesets/Hills.png using Guid(fec129c003ba3ab43bdf3de17a2c194c) Importer(815301076,1909f56bfc062723c751e8b465ee728b)  -> (artifact id: '676d5c1451bddcc471950b9a30013c40') in 0.474945 seconds 
  Import took 0.671382 seconds .

========================================================================
Received Import Request.
  Time since last request: 21.289614 seconds.
  path: Assets/Sprites/Tilesets/Hills.png
  artifactKey: Guid(fec129c003ba3ab43bdf3de17a2c194c) Importer(815301076,1909f56bfc062723c751e8b465ee728b)
Start importing Assets/Sprites/Tilesets/Hills.png using Guid(fec129c003ba3ab43bdf3de17a2c194c) Importer(815301076,1909f56bfc062723c751e8b465ee728b)  -> (artifact id: '29de9aecbda0fed79eea944b56be7058') in 0.256792 seconds 
  Import took 0.298291 seconds .

========================================================================
Received Import Request.
  Time since last request: 29.352435 seconds.
  path: Assets/Sprites/Tilesets/Hills.png
  artifactKey: Guid(fec129c003ba3ab43bdf3de17a2c194c) Importer(815301076,1909f56bfc062723c751e8b465ee728b)
Start importing Assets/Sprites/Tilesets/Hills.png using Guid(fec129c003ba3ab43bdf3de17a2c194c) Importer(815301076,1909f56bfc062723c751e8b465ee728b)  -> (artifact id: '2ea8e3b039d75235da18b42f8e723810') in 0.421257 seconds 
  Import took 0.509225 seconds .

========================================================================
Received Import Request.
  Time since last request: 27.008449 seconds.
  path: Assets/Sprites/Tilesets/Hills.png
  artifactKey: Guid(fec129c003ba3ab43bdf3de17a2c194c) Importer(815301076,1909f56bfc062723c751e8b465ee728b)
Start importing Assets/Sprites/Tilesets/Hills.png using Guid(fec129c003ba3ab43bdf3de17a2c194c) Importer(815301076,1909f56bfc062723c751e8b465ee728b)  -> (artifact id: '1ada089886dd5d9399c1cab12e7c2413') in 0.288118 seconds 
  Import took 0.299820 seconds .

========================================================================
Received Import Request.
  Time since last request: 16.612123 seconds.
  path: Assets/Sprites/Tilesets/Hills.png
  artifactKey: Guid(fec129c003ba3ab43bdf3de17a2c194c) Importer(815301076,1909f56bfc062723c751e8b465ee728b)
Start importing Assets/Sprites/Tilesets/Hills.png using Guid(fec129c003ba3ab43bdf3de17a2c194c) Importer(815301076,1909f56bfc062723c751e8b465ee728b)  -> (artifact id: '1b3a2f00438dcac15d3dbd1b361fdc71') in 0.342892 seconds 
  Import took 0.368201 seconds .

========================================================================
Received Import Request.
  Time since last request: 7.530919 seconds.
  path: Assets/Sprites/Tilesets/Hills.png
  artifactKey: Guid(fec129c003ba3ab43bdf3de17a2c194c) Importer(815301076,1909f56bfc062723c751e8b465ee728b)
Start importing Assets/Sprites/Tilesets/Hills.png using Guid(fec129c003ba3ab43bdf3de17a2c194c) Importer(815301076,1909f56bfc062723c751e8b465ee728b)  -> (artifact id: 'cf6b3fe01da78b480f90a77feee7c0d6') in 0.294097 seconds 
  Import took 0.618433 seconds .

========================================================================
Received Import Request.
  Time since last request: 45.021634 seconds.
  path: Assets/Sprites/Tilesets/Hill Rule.asset
  artifactKey: Guid(4a48ade88c8548f40901af855fd18381) Importer(815301076,1909f56bfc062723c751e8b465ee728b)
Start importing Assets/Sprites/Tilesets/Hill Rule.asset using Guid(4a48ade88c8548f40901af855fd18381) Importer(815301076,1909f56bfc062723c751e8b465ee728b)  -> (artifact id: 'c317ede831d73ebcf1c58bd87daf68ce') in 0.172812 seconds 
  Import took 0.198324 seconds .

========================================================================
Received Prepare
Refreshing native plugins compatible for Editor in 13.88 ms, found 3 plugins.
Preloading 0 native plugins for Editor in 0.00 ms.
Unloading 16 Unused Serialized files (Serialized files now loaded: 0)
System memory in use before: 78.9 MB.
System memory in use after: 79.1 MB.

Unloading 16 unused Assets to reduce memory usage. Loaded Objects now: 3505.
Total: 11.302500 ms (FindLiveObjects: 0.531600 ms CreateObjectMapping: 0.334000 ms MarkObjects: 10.392500 ms  DeleteObjects: 0.042200 ms)

AssetImportParameters requested are different than current active one (requested -> active):
  custom:framework-win-MediaFoundation: 216162199b28c13a410421893ffa2e32 -> 
  custom:video-decoder-ogg-theora: a1e56fd34408186e4bbccfd4996cb3dc -> 
  custom:container-muxer-webm: aa71ff27fc2769a1b78a27578f13a17b -> 
  custom:container-demuxer-webm: 4f35f7cbe854078d1ac9338744f61a02 -> 
  custom:container-demuxer-ogg: 62fdf1f143b41e24485cea50d1cbac27 -> 
  custom:video-encoder-webm-vp8: eb34c28f22e8b96e1ab97ce403110664 -> 
  custom:video-codec-MediaFoundation-h265: 746d11721c4dcdbdad8f713fa42b33f4 -> 
  custom:video-decoder-webm-vp8: 9c59270c3fd7afecdb556c50c9e8de78 -> 
  custom:audio-decoder-ogg-vorbis: bf7c407c2cedff20999df2af8eb42d56 -> 
  custom:audio-encoder-webm-vorbis: bf7c407c2cedff20999df2af8eb42d56 -> 
========================================================================
Received Prepare
Registering precompiled user dll's ...
Registered in 0.006831 seconds.
Begin MonoManager ReloadAssembly
Native extension for WindowsStandalone target not found
Native extension for OSXStandalone target not found
Refreshing native plugins compatible for Editor in 0.91 ms, found 3 plugins.
Preloading 0 native plugins for Editor in 0.00 ms.
Mono: successfully reloaded assembly
- Completed reload, in  2.571 seconds
Domain Reload Profiling:
	ReloadAssembly (2572ms)
		BeginReloadAssembly (275ms)
			ExecutionOrderSort (0ms)
			DisableScriptedObjects (19ms)
			BackupInstance (0ms)
			ReleaseScriptingObjects (0ms)
			CreateAndSetChildDomain (92ms)
		EndReloadAssembly (2124ms)
			LoadAssemblies (229ms)
			RebuildTransferFunctionScriptingTraits (0ms)
			SetupTypeCache (797ms)
			ReleaseScriptCaches (2ms)
			RebuildScriptCaches (115ms)
			SetupLoadedEditorAssemblies (741ms)
				LogAssemblyErrors (0ms)
				InitializePlatformSupportModulesInManaged (14ms)
				SetLoadedEditorAssemblies (1ms)
				RefreshPlugins (1ms)
				BeforeProcessingInitializeOnLoad (254ms)
				ProcessInitializeOnLoadAttributes (430ms)
				ProcessInitializeOnLoadMethodAttributes (26ms)
				AfterProcessingInitializeOnLoad (15ms)
				EditorAssembliesLoaded (0ms)
			ExecutionOrderSort2 (0ms)
			AwakeInstancesAfterBackupRestoration (21ms)
Platform modules already initialized, skipping
Refreshing native plugins compatible for Editor in 1.13 ms, found 3 plugins.
Preloading 0 native plugins for Editor in 0.00 ms.
Unloading 3014 Unused Serialized files (Serialized files now loaded: 0)
System memory in use before: 137.8 MB.
System memory in use after: 138.1 MB.

Unloading 18 unused Assets to reduce memory usage. Loaded Objects now: 3507.
Total: 5.889500 ms (FindLiveObjects: 0.340900 ms CreateObjectMapping: 0.300100 ms MarkObjects: 5.209800 ms  DeleteObjects: 0.036500 ms)

AssetImportParameters requested are different than current active one (requested -> active):
  custom:framework-win-MediaFoundation: 216162199b28c13a410421893ffa2e32 -> 
  custom:video-decoder-ogg-theora: a1e56fd34408186e4bbccfd4996cb3dc -> 
  custom:container-muxer-webm: aa71ff27fc2769a1b78a27578f13a17b -> 
  custom:container-demuxer-webm: 4f35f7cbe854078d1ac9338744f61a02 -> 
  custom:container-demuxer-ogg: 62fdf1f143b41e24485cea50d1cbac27 -> 
  custom:video-encoder-webm-vp8: eb34c28f22e8b96e1ab97ce403110664 -> 
  custom:video-codec-MediaFoundation-h265: 746d11721c4dcdbdad8f713fa42b33f4 -> 
  custom:video-decoder-webm-vp8: 9c59270c3fd7afecdb556c50c9e8de78 -> 
  custom:audio-decoder-ogg-vorbis: bf7c407c2cedff20999df2af8eb42d56 -> 
  custom:audio-encoder-webm-vorbis: bf7c407c2cedff20999df2af8eb42d56 -> 
========================================================================
Received Prepare
Registering precompiled user dll's ...
Registered in 0.006886 seconds.
Begin MonoManager ReloadAssembly
Native extension for WindowsStandalone target not found
Native extension for OSXStandalone target not found
Refreshing native plugins compatible for Editor in 1.02 ms, found 3 plugins.
Preloading 0 native plugins for Editor in 0.00 ms.
Mono: successfully reloaded assembly
- Completed reload, in  2.145 seconds
Domain Reload Profiling:
	ReloadAssembly (2146ms)
		BeginReloadAssembly (247ms)
			ExecutionOrderSort (0ms)
			DisableScriptedObjects (12ms)
			BackupInstance (0ms)
			ReleaseScriptingObjects (0ms)
			CreateAndSetChildDomain (77ms)
		EndReloadAssembly (1753ms)
			LoadAssemblies (227ms)
			RebuildTransferFunctionScriptingTraits (0ms)
			SetupTypeCache (666ms)
			ReleaseScriptCaches (2ms)
			RebuildScriptCaches (90ms)
			SetupLoadedEditorAssemblies (601ms)
				LogAssemblyErrors (0ms)
				InitializePlatformSupportModulesInManaged (10ms)
				SetLoadedEditorAssemblies (1ms)
				RefreshPlugins (1ms)
				BeforeProcessingInitializeOnLoad (207ms)
				ProcessInitializeOnLoadAttributes (346ms)
				ProcessInitializeOnLoadMethodAttributes (22ms)
				AfterProcessingInitializeOnLoad (14ms)
				EditorAssembliesLoaded (0ms)
			ExecutionOrderSort2 (0ms)
			AwakeInstancesAfterBackupRestoration (18ms)
Platform modules already initialized, skipping
Refreshing native plugins compatible for Editor in 0.99 ms, found 3 plugins.
Preloading 0 native plugins for Editor in 0.00 ms.
Unloading 3014 Unused Serialized files (Serialized files now loaded: 0)
System memory in use before: 137.9 MB.
System memory in use after: 138.1 MB.

Unloading 18 unused Assets to reduce memory usage. Loaded Objects now: 3509.
Total: 5.648300 ms (FindLiveObjects: 0.312600 ms CreateObjectMapping: 0.205400 ms MarkObjects: 5.099500 ms  DeleteObjects: 0.029200 ms)

AssetImportParameters requested are different than current active one (requested -> active):
  custom:framework-win-MediaFoundation: 216162199b28c13a410421893ffa2e32 -> 
  custom:video-decoder-ogg-theora: a1e56fd34408186e4bbccfd4996cb3dc -> 
  custom:container-muxer-webm: aa71ff27fc2769a1b78a27578f13a17b -> 
  custom:container-demuxer-webm: 4f35f7cbe854078d1ac9338744f61a02 -> 
  custom:container-demuxer-ogg: 62fdf1f143b41e24485cea50d1cbac27 -> 
  custom:video-encoder-webm-vp8: eb34c28f22e8b96e1ab97ce403110664 -> 
  custom:video-codec-MediaFoundation-h265: 746d11721c4dcdbdad8f713fa42b33f4 -> 
  custom:video-decoder-webm-vp8: 9c59270c3fd7afecdb556c50c9e8de78 -> 
  custom:audio-decoder-ogg-vorbis: bf7c407c2cedff20999df2af8eb42d56 -> 
  custom:audio-encoder-webm-vorbis: bf7c407c2cedff20999df2af8eb42d56 -> 
========================================================================
Received Prepare
Registering precompiled user dll's ...
Registered in 0.007574 seconds.
Begin MonoManager ReloadAssembly
Native extension for WindowsStandalone target not found
Native extension for OSXStandalone target not found
Refreshing native plugins compatible for Editor in 1.71 ms, found 3 plugins.
Preloading 0 native plugins for Editor in 0.00 ms.
Mono: successfully reloaded assembly
- Completed reload, in  2.529 seconds
Domain Reload Profiling:
	ReloadAssembly (2530ms)
		BeginReloadAssembly (249ms)
			ExecutionOrderSort (0ms)
			DisableScriptedObjects (13ms)
			BackupInstance (0ms)
			ReleaseScriptingObjects (0ms)
			CreateAndSetChildDomain (83ms)
		EndReloadAssembly (2158ms)
			LoadAssemblies (209ms)
			RebuildTransferFunctionScriptingTraits (0ms)
			SetupTypeCache (735ms)
			ReleaseScriptCaches (2ms)
			RebuildScriptCaches (108ms)
			SetupLoadedEditorAssemblies (819ms)
				LogAssemblyErrors (0ms)
				InitializePlatformSupportModulesInManaged (11ms)
				SetLoadedEditorAssemblies (1ms)
				RefreshPlugins (2ms)
				BeforeProcessingInitializeOnLoad (342ms)
				ProcessInitializeOnLoadAttributes (418ms)
				ProcessInitializeOnLoadMethodAttributes (27ms)
				AfterProcessingInitializeOnLoad (18ms)
				EditorAssembliesLoaded (1ms)
			ExecutionOrderSort2 (0ms)
			AwakeInstancesAfterBackupRestoration (53ms)
Platform modules already initialized, skipping
Refreshing native plugins compatible for Editor in 0.94 ms, found 3 plugins.
Preloading 0 native plugins for Editor in 0.00 ms.
Unloading 3014 Unused Serialized files (Serialized files now loaded: 0)
System memory in use before: 137.9 MB.
System memory in use after: 138.1 MB.

Unloading 18 unused Assets to reduce memory usage. Loaded Objects now: 3511.
Total: 6.324100 ms (FindLiveObjects: 0.889900 ms CreateObjectMapping: 0.278300 ms MarkObjects: 5.121900 ms  DeleteObjects: 0.031300 ms)

AssetImportParameters requested are different than current active one (requested -> active):
  custom:framework-win-MediaFoundation: 216162199b28c13a410421893ffa2e32 -> 
  custom:video-decoder-ogg-theora: a1e56fd34408186e4bbccfd4996cb3dc -> 
  custom:container-muxer-webm: aa71ff27fc2769a1b78a27578f13a17b -> 
  custom:container-demuxer-webm: 4f35f7cbe854078d1ac9338744f61a02 -> 
  custom:container-demuxer-ogg: 62fdf1f143b41e24485cea50d1cbac27 -> 
  custom:video-encoder-webm-vp8: eb34c28f22e8b96e1ab97ce403110664 -> 
  custom:video-codec-MediaFoundation-h265: 746d11721c4dcdbdad8f713fa42b33f4 -> 
  custom:video-decoder-webm-vp8: 9c59270c3fd7afecdb556c50c9e8de78 -> 
  custom:audio-decoder-ogg-vorbis: bf7c407c2cedff20999df2af8eb42d56 -> 
  custom:audio-encoder-webm-vorbis: bf7c407c2cedff20999df2af8eb42d56 -> 
========================================================================
Received Import Request.
  Time since last request: 560.098861 seconds.
  path: Assets/Sprites/Objects/Basic Grass Biom things 1.png
  artifactKey: Guid(bc740967891a069498a5a69138d86e42) Importer(815301076,1909f56bfc062723c751e8b465ee728b)
Start importing Assets/Sprites/Objects/Basic Grass Biom things 1.png using Guid(bc740967891a069498a5a69138d86e42) Importer(815301076,1909f56bfc062723c751e8b465ee728b)  -> (artifact id: '95519eb90a7ea30ed1ab56289d4dbe65') in 0.291532 seconds 
  Import took 0.334537 seconds .

========================================================================
Received Import Request.
  Time since last request: 12.061936 seconds.
  path: Assets/Sprites/Objects/Basic Grass Biom things 1.png
  artifactKey: Guid(bc740967891a069498a5a69138d86e42) Importer(815301076,1909f56bfc062723c751e8b465ee728b)
Start importing Assets/Sprites/Objects/Basic Grass Biom things 1.png using Guid(bc740967891a069498a5a69138d86e42) Importer(815301076,1909f56bfc062723c751e8b465ee728b)  -> (artifact id: 'd2e61768cd3d1f062a12a520027546d4') in 0.257072 seconds 
  Import took 0.281412 seconds .

========================================================================
Received Import Request.
  Time since last request: 14.717661 seconds.
  path: Assets/Sprites/Objects/Basic Grass Biom things 1.png
  artifactKey: Guid(bc740967891a069498a5a69138d86e42) Importer(815301076,1909f56bfc062723c751e8b465ee728b)
Start importing Assets/Sprites/Objects/Basic Grass Biom things 1.png using Guid(bc740967891a069498a5a69138d86e42) Importer(815301076,1909f56bfc062723c751e8b465ee728b)  -> (artifact id: '0dfa64d3df9ad3c493f1924b7733fc03') in 0.275398 seconds 
  Import took 0.331607 seconds .

========================================================================
Received Import Request.
  Time since last request: 22.090456 seconds.
  path: Assets/Sprites/Objects/Basic Grass Biom things 1.png
  artifactKey: Guid(bc740967891a069498a5a69138d86e42) Importer(815301076,1909f56bfc062723c751e8b465ee728b)
Start importing Assets/Sprites/Objects/Basic Grass Biom things 1.png using Guid(bc740967891a069498a5a69138d86e42) Importer(815301076,1909f56bfc062723c751e8b465ee728b)  -> (artifact id: '570d9f4bdf19907b537036a074d456a7') in 0.290849 seconds 
  Import took 0.323739 seconds .

========================================================================
Received Import Request.
  Time since last request: 61.956785 seconds.
  path: Assets/Sprites/Objects/Basic Grass Biom things 1.png
  artifactKey: Guid(bc740967891a069498a5a69138d86e42) Importer(815301076,1909f56bfc062723c751e8b465ee728b)
Start importing Assets/Sprites/Objects/Basic Grass Biom things 1.png using Guid(bc740967891a069498a5a69138d86e42) Importer(815301076,1909f56bfc062723c751e8b465ee728b)  -> (artifact id: 'bdc0c16d5c82f7e5577ba39b1a39077e') in 0.206032 seconds 
  Import took 0.241229 seconds .

========================================================================
Received Import Request.
  Time since last request: 33.140771 seconds.
  path: Assets/Sprites/Objects/Basic Grass Biom things 1.png
  artifactKey: Guid(bc740967891a069498a5a69138d86e42) Importer(815301076,1909f56bfc062723c751e8b465ee728b)
Start importing Assets/Sprites/Objects/Basic Grass Biom things 1.png using Guid(bc740967891a069498a5a69138d86e42) Importer(815301076,1909f56bfc062723c751e8b465ee728b)  -> (artifact id: 'd143a9e06ca462c8350a3f3c7c8e15b5') in 0.305239 seconds 
  Import took 0.336564 seconds .

========================================================================
Received Import Request.
  Time since last request: 37.852519 seconds.
  path: Assets/Sprites/Objects/Furniture.prefab
  artifactKey: Guid(d759d9ca63090074eaf380b189776cc6) Importer(815301076,1909f56bfc062723c751e8b465ee728b)
Start importing Assets/Sprites/Objects/Furniture.prefab using Guid(d759d9ca63090074eaf380b189776cc6) Importer(815301076,1909f56bfc062723c751e8b465ee728b)  -> (artifact id: '662ff0aaaf65d40b580de16df1f22004') in 0.136878 seconds 
  Import took 0.191969 seconds .

========================================================================
Received Import Request.
  Time since last request: 0.000399 seconds.
  path: Assets/Sprites/Objects/Paths_1.asset
  artifactKey: Guid(60c0d392e73e1144fb93045259e17142) Importer(815301076,1909f56bfc062723c751e8b465ee728b)
Start importing Assets/Sprites/Objects/Paths_1.asset using Guid(60c0d392e73e1144fb93045259e17142) Importer(815301076,1909f56bfc062723c751e8b465ee728b)  -> (artifact id: 'ea0e73a3b65434d644a02b0b5172766f') in 0.049597 seconds 
  Import took 0.087412 seconds .

========================================================================
Received Import Request.
  Time since last request: 0.000523 seconds.
  path: Assets/Sprites/Objects/Paths_2.asset
  artifactKey: Guid(1a8644c196db526498e7f8b432f0d9bd) Importer(815301076,1909f56bfc062723c751e8b465ee728b)
Start importing Assets/Sprites/Objects/Paths_2.asset using Guid(1a8644c196db526498e7f8b432f0d9bd) Importer(815301076,1909f56bfc062723c751e8b465ee728b)  -> (artifact id: '2f2b9ebb53f4d4f2c7f09c0f88e6e220') in 0.029773 seconds 
  Import took 0.055114 seconds .

========================================================================
Received Import Request.
  Time since last request: 0.000338 seconds.
  path: Assets/Sprites/Objects/Paths_0.asset
  artifactKey: Guid(0bc31412a718f514fb421b74b238bf2f) Importer(815301076,1909f56bfc062723c751e8b465ee728b)
Start importing Assets/Sprites/Objects/Paths_0.asset using Guid(0bc31412a718f514fb421b74b238bf2f) Importer(815301076,1909f56bfc062723c751e8b465ee728b)  -> (artifact id: '3f5ca9941408b724a73aba2817208564') in 0.032649 seconds 
  Import took 0.065633 seconds .

========================================================================
Received Import Request.
  Time since last request: 84.138427 seconds.
  path: Assets/Sprites/Objects/Basic Furniture.png
  artifactKey: Guid(b05ae20b1f05c7d4bbbcbe7ca3b606f9) Importer(815301076,1909f56bfc062723c751e8b465ee728b)
Start importing Assets/Sprites/Objects/Basic Furniture.png using Guid(b05ae20b1f05c7d4bbbcbe7ca3b606f9) Importer(815301076,1909f56bfc062723c751e8b465ee728b)  -> (artifact id: '0301f30b03994ca2979200270c838209') in 0.359294 seconds 
  Import took 0.401441 seconds .

========================================================================
Received Prepare
Refreshing native plugins compatible for Editor in 5.82 ms, found 3 plugins.
Preloading 0 native plugins for Editor in 0.00 ms.
Unloading 16 Unused Serialized files (Serialized files now loaded: 0)
System memory in use before: 79.3 MB.
System memory in use after: 79.5 MB.

Unloading 16 unused Assets to reduce memory usage. Loaded Objects now: 3598.
Total: 7.142100 ms (FindLiveObjects: 0.358500 ms CreateObjectMapping: 0.218900 ms MarkObjects: 6.512200 ms  DeleteObjects: 0.050400 ms)

AssetImportParameters requested are different than current active one (requested -> active):
  custom:framework-win-MediaFoundation: 216162199b28c13a410421893ffa2e32 -> 
  custom:video-decoder-ogg-theora: a1e56fd34408186e4bbccfd4996cb3dc -> 
  custom:container-muxer-webm: aa71ff27fc2769a1b78a27578f13a17b -> 
  custom:container-demuxer-webm: 4f35f7cbe854078d1ac9338744f61a02 -> 
  custom:container-demuxer-ogg: 62fdf1f143b41e24485cea50d1cbac27 -> 
  custom:video-encoder-webm-vp8: eb34c28f22e8b96e1ab97ce403110664 -> 
  custom:video-codec-MediaFoundation-h265: 746d11721c4dcdbdad8f713fa42b33f4 -> 
  custom:video-decoder-webm-vp8: 9c59270c3fd7afecdb556c50c9e8de78 -> 
  custom:audio-decoder-ogg-vorbis: bf7c407c2cedff20999df2af8eb42d56 -> 
  custom:audio-encoder-webm-vorbis: bf7c407c2cedff20999df2af8eb42d56 -> 
========================================================================
Received Import Request.
  Time since last request: 896.182193 seconds.
  path: Assets/Prefabs/Mushrooms.prefab
  artifactKey: Guid(0c5bbb87b959e814fbb313f56743072d) Importer(815301076,1909f56bfc062723c751e8b465ee728b)
Start importing Assets/Prefabs/Mushrooms.prefab using Guid(0c5bbb87b959e814fbb313f56743072d) Importer(815301076,1909f56bfc062723c751e8b465ee728b)  -> (artifact id: '16cc3d9090c13115323b14f43b4000b8') in 0.127862 seconds 
  Import took 0.140334 seconds .

========================================================================
Received Import Request.
  Time since last request: 5.108232 seconds.
  path: Assets/Scripts/Questing System/QuestGoal.prefab
  artifactKey: Guid(a8ccdf0b570361f45af5466526aebd8c) Importer(815301076,1909f56bfc062723c751e8b465ee728b)
Start importing Assets/Scripts/Questing System/QuestGoal.prefab using Guid(a8ccdf0b570361f45af5466526aebd8c) Importer(815301076,1909f56bfc062723c751e8b465ee728b)  -> (artifact id: '5e2ba447c888fd42caeb68257c77d10d') in 1.519785 seconds 
  Import took 1.533068 seconds .

========================================================================
Received Import Request.
  Time since last request: 57.832962 seconds.
  path: Assets/Scripts/Questing System/QuestGoal.prefab
  artifactKey: Guid(a8ccdf0b570361f45af5466526aebd8c) Importer(815301076,1909f56bfc062723c751e8b465ee728b)
Start importing Assets/Scripts/Questing System/QuestGoal.prefab using Guid(a8ccdf0b570361f45af5466526aebd8c) Importer(815301076,1909f56bfc062723c751e8b465ee728b)  -> (artifact id: 'eeb95e82ad8e077cf728757b1b55e21a') in 0.084744 seconds 
  Import took 0.123223 seconds .

========================================================================
Received Import Request.
  Time since last request: 11.301927 seconds.
  path: Assets/Scripts/Questing System/QuestGoal.prefab
  artifactKey: Guid(a8ccdf0b570361f45af5466526aebd8c) Importer(815301076,1909f56bfc062723c751e8b465ee728b)
Start importing Assets/Scripts/Questing System/QuestGoal.prefab using Guid(a8ccdf0b570361f45af5466526aebd8c) Importer(815301076,1909f56bfc062723c751e8b465ee728b)  -> (artifact id: 'ae3f6b8cdeb0d90fc732ce8d47961da4') in 0.100984 seconds 
  Import took 0.157594 seconds .

========================================================================
Received Import Request.
  Time since last request: 5.799926 seconds.
  path: Assets/Scripts/Questing System/QuestGoal.prefab
  artifactKey: Guid(a8ccdf0b570361f45af5466526aebd8c) Importer(815301076,1909f56bfc062723c751e8b465ee728b)
Start importing Assets/Scripts/Questing System/QuestGoal.prefab using Guid(a8ccdf0b570361f45af5466526aebd8c) Importer(815301076,1909f56bfc062723c751e8b465ee728b)  -> (artifact id: '992d4032e94fe86e4cbe026f0e9a1370') in 0.088357 seconds 
  Import took 0.101601 seconds .

========================================================================
Received Import Request.
  Time since last request: 3.660143 seconds.
  path: Assets/Scripts/Questing System/QuestGoal.prefab
  artifactKey: Guid(a8ccdf0b570361f45af5466526aebd8c) Importer(815301076,1909f56bfc062723c751e8b465ee728b)
Start importing Assets/Scripts/Questing System/QuestGoal.prefab using Guid(a8ccdf0b570361f45af5466526aebd8c) Importer(815301076,1909f56bfc062723c751e8b465ee728b)  -> (artifact id: 'bbeb73d6feacdbddaa351d248ee43975') in 0.110048 seconds 
  Import took 0.162280 seconds .

========================================================================
Received Import Request.
  Time since last request: 23.437326 seconds.
  path: Assets/Scripts/Questing System/QuestGoal.prefab
  artifactKey: Guid(a8ccdf0b570361f45af5466526aebd8c) Importer(815301076,1909f56bfc062723c751e8b465ee728b)
Start importing Assets/Scripts/Questing System/QuestGoal.prefab using Guid(a8ccdf0b570361f45af5466526aebd8c) Importer(815301076,1909f56bfc062723c751e8b465ee728b)  -> (artifact id: '18fdb4551d892da7fbe5866ebecf1f56') in 0.092956 seconds 
  Import took 0.345651 seconds .

========================================================================
Received Import Request.
  Time since last request: 7.401359 seconds.
  path: Assets/Scripts/Questing System/QuestGoal.prefab
  artifactKey: Guid(a8ccdf0b570361f45af5466526aebd8c) Importer(815301076,1909f56bfc062723c751e8b465ee728b)
Start importing Assets/Scripts/Questing System/QuestGoal.prefab using Guid(a8ccdf0b570361f45af5466526aebd8c) Importer(815301076,1909f56bfc062723c751e8b465ee728b)  -> (artifact id: 'ab5197345d394bba430644f27893a0a5') in 0.087542 seconds 
  Import took 0.098914 seconds .

========================================================================
Received Import Request.
  Time since last request: 1.929142 seconds.
  path: Assets/Scripts/Questing System/QuestGoal.prefab
  artifactKey: Guid(a8ccdf0b570361f45af5466526aebd8c) Importer(815301076,1909f56bfc062723c751e8b465ee728b)
Start importing Assets/Scripts/Questing System/QuestGoal.prefab using Guid(a8ccdf0b570361f45af5466526aebd8c) Importer(815301076,1909f56bfc062723c751e8b465ee728b)  -> (artifact id: '6348ac0c763f5f886f53d73395f8201f') in 0.085571 seconds 
  Import took 0.122093 seconds .

========================================================================
Received Import Request.
  Time since last request: 142.014358 seconds.
  path: Assets/Scripts/Questing System/QuestGoal.prefab
  artifactKey: Guid(a8ccdf0b570361f45af5466526aebd8c) Importer(815301076,1909f56bfc062723c751e8b465ee728b)
Start importing Assets/Scripts/Questing System/QuestGoal.prefab using Guid(a8ccdf0b570361f45af5466526aebd8c) Importer(815301076,1909f56bfc062723c751e8b465ee728b)  -> (artifact id: 'dc0568367ea86a833fd494de9f4bd586') in 0.096219 seconds 
  Import took 0.155133 seconds .

========================================================================
Received Import Request.
  Time since last request: 1.196232 seconds.
  path: Assets/TextMesh Pro/Resources/Fonts & Materials/LiberationSans SDF - Fallback.asset
  artifactKey: Guid(2e498d1c8094910479dc3e1b768306a4) Importer(815301076,1909f56bfc062723c751e8b465ee728b)
Start importing Assets/TextMesh Pro/Resources/Fonts & Materials/LiberationSans SDF - Fallback.asset using Guid(2e498d1c8094910479dc3e1b768306a4) Importer(815301076,1909f56bfc062723c751e8b465ee728b)  -> (artifact id: '824048c16fe023a8029ad6b289255227') in 1.587514 seconds 
  Import took 1.600565 seconds .

========================================================================
Received Import Request.
  Time since last request: 17.056822 seconds.
  path: Assets/Scripts/Questing System/QuestGoal.prefab
  artifactKey: Guid(a8ccdf0b570361f45af5466526aebd8c) Importer(815301076,1909f56bfc062723c751e8b465ee728b)
Start importing Assets/Scripts/Questing System/QuestGoal.prefab using Guid(a8ccdf0b570361f45af5466526aebd8c) Importer(815301076,1909f56bfc062723c751e8b465ee728b)  -> (artifact id: 'b78ed620faf07f7321dc9ebd4679ab87') in 0.102472 seconds 
  Import took 0.147702 seconds .

========================================================================
Received Prepare
Refreshing native plugins compatible for Editor in 9.13 ms, found 3 plugins.
Preloading 0 native plugins for Editor in 0.00 ms.
Unloading 16 Unused Serialized files (Serialized files now loaded: 0)
System memory in use before: 80.5 MB.
System memory in use after: 80.7 MB.

Unloading 18 unused Assets to reduce memory usage. Loaded Objects now: 3634.
Total: 8.195900 ms (FindLiveObjects: 0.454900 ms CreateObjectMapping: 0.291200 ms MarkObjects: 7.402600 ms  DeleteObjects: 0.045200 ms)

AssetImportParameters requested are different than current active one (requested -> active):
  custom:framework-win-MediaFoundation: 216162199b28c13a410421893ffa2e32 -> 
  custom:video-decoder-ogg-theora: a1e56fd34408186e4bbccfd4996cb3dc -> 
  custom:container-muxer-webm: aa71ff27fc2769a1b78a27578f13a17b -> 
  custom:container-demuxer-webm: 4f35f7cbe854078d1ac9338744f61a02 -> 
  custom:container-demuxer-ogg: 62fdf1f143b41e24485cea50d1cbac27 -> 
  custom:video-encoder-webm-vp8: eb34c28f22e8b96e1ab97ce403110664 -> 
  custom:video-codec-MediaFoundation-h265: 746d11721c4dcdbdad8f713fa42b33f4 -> 
  custom:video-decoder-webm-vp8: 9c59270c3fd7afecdb556c50c9e8de78 -> 
  custom:audio-decoder-ogg-vorbis: bf7c407c2cedff20999df2af8eb42d56 -> 
  custom:audio-encoder-webm-vorbis: bf7c407c2cedff20999df2af8eb42d56 -> 
========================================================================
Received Prepare
Refreshing native plugins compatible for Editor in 5.54 ms, found 3 plugins.
Preloading 0 native plugins for Editor in 0.00 ms.
Unloading 16 Unused Serialized files (Serialized files now loaded: 0)
System memory in use before: 80.5 MB.
System memory in use after: 80.7 MB.

Unloading 16 unused Assets to reduce memory usage. Loaded Objects now: 3634.
Total: 7.848800 ms (FindLiveObjects: 0.378400 ms CreateObjectMapping: 0.208600 ms MarkObjects: 7.225700 ms  DeleteObjects: 0.034000 ms)

AssetImportParameters requested are different than current active one (requested -> active):
  custom:framework-win-MediaFoundation: 216162199b28c13a410421893ffa2e32 -> 
  custom:video-decoder-ogg-theora: a1e56fd34408186e4bbccfd4996cb3dc -> 
  custom:container-muxer-webm: aa71ff27fc2769a1b78a27578f13a17b -> 
  custom:container-demuxer-webm: 4f35f7cbe854078d1ac9338744f61a02 -> 
  custom:container-demuxer-ogg: 62fdf1f143b41e24485cea50d1cbac27 -> 
  custom:video-encoder-webm-vp8: eb34c28f22e8b96e1ab97ce403110664 -> 
  custom:video-codec-MediaFoundation-h265: 746d11721c4dcdbdad8f713fa42b33f4 -> 
  custom:video-decoder-webm-vp8: 9c59270c3fd7afecdb556c50c9e8de78 -> 
  custom:audio-decoder-ogg-vorbis: bf7c407c2cedff20999df2af8eb42d56 -> 
  custom:audio-encoder-webm-vorbis: bf7c407c2cedff20999df2af8eb42d56 -> 
========================================================================
Received Prepare
Refreshing native plugins compatible for Editor in 6.97 ms, found 3 plugins.
Preloading 0 native plugins for Editor in 0.00 ms.
Unloading 16 Unused Serialized files (Serialized files now loaded: 0)
System memory in use before: 80.5 MB.
System memory in use after: 80.7 MB.

Unloading 16 unused Assets to reduce memory usage. Loaded Objects now: 3634.
Total: 8.523100 ms (FindLiveObjects: 0.372500 ms CreateObjectMapping: 0.299400 ms MarkObjects: 7.815600 ms  DeleteObjects: 0.033400 ms)

AssetImportParameters requested are different than current active one (requested -> active):
  custom:framework-win-MediaFoundation: 216162199b28c13a410421893ffa2e32 -> 
  custom:video-decoder-ogg-theora: a1e56fd34408186e4bbccfd4996cb3dc -> 
  custom:container-muxer-webm: aa71ff27fc2769a1b78a27578f13a17b -> 
  custom:container-demuxer-webm: 4f35f7cbe854078d1ac9338744f61a02 -> 
  custom:container-demuxer-ogg: 62fdf1f143b41e24485cea50d1cbac27 -> 
  custom:video-encoder-webm-vp8: eb34c28f22e8b96e1ab97ce403110664 -> 
  custom:video-codec-MediaFoundation-h265: 746d11721c4dcdbdad8f713fa42b33f4 -> 
  custom:video-decoder-webm-vp8: 9c59270c3fd7afecdb556c50c9e8de78 -> 
  custom:audio-decoder-ogg-vorbis: bf7c407c2cedff20999df2af8eb42d56 -> 
  custom:audio-encoder-webm-vorbis: bf7c407c2cedff20999df2af8eb42d56 -> 
========================================================================
Received Import Request.
  Time since last request: 984.563019 seconds.
  path: Assets/Inventory Data/Bag.prefab
  artifactKey: Guid(eb0a6083a2b985441827d845fd0c4e42) Importer(815301076,1909f56bfc062723c751e8b465ee728b)
Start importing Assets/Inventory Data/Bag.prefab using Guid(eb0a6083a2b985441827d845fd0c4e42) Importer(815301076,1909f56bfc062723c751e8b465ee728b)  -> (artifact id: '18c1dcd01de94fa36853a2c075e6babb') in 0.139314 seconds 
  Import took 0.152589 seconds .

========================================================================
Received Import Request.
  Time since last request: 0.000292 seconds.
  path: Assets/Inventory Data/Item Slot (1).prefab
  artifactKey: Guid(166674d61a419ab4abda693639655fac) Importer(815301076,1909f56bfc062723c751e8b465ee728b)
Start importing Assets/Inventory Data/Item Slot (1).prefab using Guid(166674d61a419ab4abda693639655fac) Importer(815301076,1909f56bfc062723c751e8b465ee728b)  -> (artifact id: 'ae6b5e770b1cdd45d23e5d26f466dc94') in 0.120617 seconds 
  Import took 0.132882 seconds .

========================================================================
Received Import Request.
  Time since last request: 0.000357 seconds.
  path: Assets/Inventory Data/Hoe.asset
  artifactKey: Guid(15f622a5cefc441448d842f1831f295d) Importer(815301076,1909f56bfc062723c751e8b465ee728b)
Start importing Assets/Inventory Data/Hoe.asset using Guid(15f622a5cefc441448d842f1831f295d) Importer(815301076,1909f56bfc062723c751e8b465ee728b)  -> (artifact id: '4e8807eaa69fd2244f90f02a96ef9a5b') in 0.013329 seconds 
  Import took 0.106655 seconds .

========================================================================
Received Import Request.
  Time since last request: 39.318600 seconds.
  path: Assets/Sprites/Tilesets/Wooden House.png
  artifactKey: Guid(a409f46e19b4f9342b06a4fec2aaa0da) Importer(815301076,1909f56bfc062723c751e8b465ee728b)
Start importing Assets/Sprites/Tilesets/Wooden House.png using Guid(a409f46e19b4f9342b06a4fec2aaa0da) Importer(815301076,1909f56bfc062723c751e8b465ee728b)  -> (artifact id: '3cb851142704670938e7dc3b92ccddd9') in 0.212891 seconds 
  Import took 0.267791 seconds .

========================================================================
Received Import Request.
  Time since last request: 10.180873 seconds.
  path: Assets/Sprites/Tilesets/Wooden House.png
  artifactKey: Guid(a409f46e19b4f9342b06a4fec2aaa0da) Importer(815301076,1909f56bfc062723c751e8b465ee728b)
Start importing Assets/Sprites/Tilesets/Wooden House.png using Guid(a409f46e19b4f9342b06a4fec2aaa0da) Importer(815301076,1909f56bfc062723c751e8b465ee728b)  -> (artifact id: 'fd07a7f89fcfbb5a074d225191ebf6d3') in 0.304531 seconds 
  Import took 0.352439 seconds .

========================================================================
Received Import Request.
  Time since last request: 6.901320 seconds.
  path: Assets/Sprites/Tilesets/Wooden House.png
  artifactKey: Guid(a409f46e19b4f9342b06a4fec2aaa0da) Importer(815301076,1909f56bfc062723c751e8b465ee728b)
Start importing Assets/Sprites/Tilesets/Wooden House.png using Guid(a409f46e19b4f9342b06a4fec2aaa0da) Importer(815301076,1909f56bfc062723c751e8b465ee728b)  -> (artifact id: 'e2028024e07e4260e6a70ef8e5c00c58') in 0.243282 seconds 
  Import took 0.285827 seconds .

========================================================================
Received Import Request.
  Time since last request: 37.555599 seconds.
  path: Assets/Sprites/Tilesets/Wooden House.png
  artifactKey: Guid(a409f46e19b4f9342b06a4fec2aaa0da) Importer(815301076,1909f56bfc062723c751e8b465ee728b)
Start importing Assets/Sprites/Tilesets/Wooden House.png using Guid(a409f46e19b4f9342b06a4fec2aaa0da) Importer(815301076,1909f56bfc062723c751e8b465ee728b)  -> (artifact id: '0e73b262fe7c8376b11a8e5277516b27') in 0.192707 seconds 
  Import took 0.203219 seconds .

========================================================================
Received Import Request.
  Time since last request: 87.010332 seconds.
  path: Assets/Sprites/Tilesets/Wooden House.png
  artifactKey: Guid(a409f46e19b4f9342b06a4fec2aaa0da) Importer(815301076,1909f56bfc062723c751e8b465ee728b)
Start importing Assets/Sprites/Tilesets/Wooden House.png using Guid(a409f46e19b4f9342b06a4fec2aaa0da) Importer(815301076,1909f56bfc062723c751e8b465ee728b)  -> (artifact id: '8065ad20626cc4a441e6503fb3f49b1f') in 0.158208 seconds 
  Import took 0.181440 seconds .

========================================================================
Received Import Request.
  Time since last request: 271.942348 seconds.
  path: Assets/Sprites/Tilesets/Wooden House.png
  artifactKey: Guid(a409f46e19b4f9342b06a4fec2aaa0da) Importer(815301076,1909f56bfc062723c751e8b465ee728b)
Start importing Assets/Sprites/Tilesets/Wooden House.png using Guid(a409f46e19b4f9342b06a4fec2aaa0da) Importer(815301076,1909f56bfc062723c751e8b465ee728b)  -> (artifact id: '918bc15b4dada8857ee0763cfe7ad525') in 0.330932 seconds 
  Import took 0.346365 seconds .

========================================================================
Received Import Request.
  Time since last request: 8.641201 seconds.
  path: Assets/Sprites/Tilesets/Wooden House.png
  artifactKey: Guid(a409f46e19b4f9342b06a4fec2aaa0da) Importer(815301076,1909f56bfc062723c751e8b465ee728b)
Start importing Assets/Sprites/Tilesets/Wooden House.png using Guid(a409f46e19b4f9342b06a4fec2aaa0da) Importer(815301076,1909f56bfc062723c751e8b465ee728b)  -> (artifact id: 'b58ef0527f41c716042b47b1b5e03a82') in 0.156666 seconds 
  Import took 0.200895 seconds .

========================================================================
Received Import Request.
  Time since last request: 5.591520 seconds.
  path: Assets/Sprites/Tilesets/Wooden House.png
  artifactKey: Guid(a409f46e19b4f9342b06a4fec2aaa0da) Importer(815301076,1909f56bfc062723c751e8b465ee728b)
Start importing Assets/Sprites/Tilesets/Wooden House.png using Guid(a409f46e19b4f9342b06a4fec2aaa0da) Importer(815301076,1909f56bfc062723c751e8b465ee728b)  -> (artifact id: '1f94a2c23024bceeec52d4c891507397') in 0.234637 seconds 
  Import took 0.289685 seconds .

========================================================================
Received Import Request.
  Time since last request: 57.121426 seconds.
  path: Assets/Sprites/Tilesets/Wooden House.png
  artifactKey: Guid(a409f46e19b4f9342b06a4fec2aaa0da) Importer(815301076,1909f56bfc062723c751e8b465ee728b)
Start importing Assets/Sprites/Tilesets/Wooden House.png using Guid(a409f46e19b4f9342b06a4fec2aaa0da) Importer(815301076,1909f56bfc062723c751e8b465ee728b)  -> (artifact id: '13f57cbc2149b347ec475fd97999e137') in 0.174279 seconds 
  Import took 0.589216 seconds .

========================================================================
Received Import Request.
  Time since last request: 24.736295 seconds.
  path: Assets/Sprites/Tilesets/Wooden House.png
  artifactKey: Guid(a409f46e19b4f9342b06a4fec2aaa0da) Importer(815301076,1909f56bfc062723c751e8b465ee728b)
Start importing Assets/Sprites/Tilesets/Wooden House.png using Guid(a409f46e19b4f9342b06a4fec2aaa0da) Importer(815301076,1909f56bfc062723c751e8b465ee728b)  -> (artifact id: '30421deb5c05a6943306e3ded844a510') in 0.174454 seconds 
  Import took 0.185486 seconds .

========================================================================
Received Import Request.
  Time since last request: 10.812247 seconds.
  path: Assets/Sprites/Tilesets/Wooden House.png
  artifactKey: Guid(a409f46e19b4f9342b06a4fec2aaa0da) Importer(815301076,1909f56bfc062723c751e8b465ee728b)
Start importing Assets/Sprites/Tilesets/Wooden House.png using Guid(a409f46e19b4f9342b06a4fec2aaa0da) Importer(815301076,1909f56bfc062723c751e8b465ee728b)  -> (artifact id: '83f4ddf2454461c40fb58a77be0b2700') in 0.297882 seconds 
  Import took 0.339522 seconds .

========================================================================
Received Prepare
Refreshing native plugins compatible for Editor in 7.29 ms, found 3 plugins.
Preloading 0 native plugins for Editor in 0.00 ms.
Unloading 16 Unused Serialized files (Serialized files now loaded: 0)
System memory in use before: 80.8 MB.
System memory in use after: 81.0 MB.

Unloading 17 unused Assets to reduce memory usage. Loaded Objects now: 3635.
Total: 8.217500 ms (FindLiveObjects: 0.435800 ms CreateObjectMapping: 0.260600 ms MarkObjects: 7.457300 ms  DeleteObjects: 0.061000 ms)

AssetImportParameters requested are different than current active one (requested -> active):
  custom:framework-win-MediaFoundation: 216162199b28c13a410421893ffa2e32 -> 
  custom:video-decoder-ogg-theora: a1e56fd34408186e4bbccfd4996cb3dc -> 
  custom:container-muxer-webm: aa71ff27fc2769a1b78a27578f13a17b -> 
  custom:container-demuxer-webm: 4f35f7cbe854078d1ac9338744f61a02 -> 
  custom:container-demuxer-ogg: 62fdf1f143b41e24485cea50d1cbac27 -> 
  custom:video-encoder-webm-vp8: eb34c28f22e8b96e1ab97ce403110664 -> 
  custom:video-codec-MediaFoundation-h265: 746d11721c4dcdbdad8f713fa42b33f4 -> 
  custom:video-decoder-webm-vp8: 9c59270c3fd7afecdb556c50c9e8de78 -> 
  custom:audio-decoder-ogg-vorbis: bf7c407c2cedff20999df2af8eb42d56 -> 
  custom:audio-encoder-webm-vorbis: bf7c407c2cedff20999df2af8eb42d56 -> 
========================================================================
Received Prepare
Refreshing native plugins compatible for Editor in 5.61 ms, found 3 plugins.
Preloading 0 native plugins for Editor in 0.00 ms.
Unloading 16 Unused Serialized files (Serialized files now loaded: 0)
System memory in use before: 80.8 MB.
System memory in use after: 81.0 MB.

Unloading 16 unused Assets to reduce memory usage. Loaded Objects now: 3635.
Total: 7.141700 ms (FindLiveObjects: 0.392200 ms CreateObjectMapping: 0.245100 ms MarkObjects: 6.470200 ms  DeleteObjects: 0.032400 ms)

AssetImportParameters requested are different than current active one (requested -> active):
  custom:framework-win-MediaFoundation: 216162199b28c13a410421893ffa2e32 -> 
  custom:video-decoder-ogg-theora: a1e56fd34408186e4bbccfd4996cb3dc -> 
  custom:container-muxer-webm: aa71ff27fc2769a1b78a27578f13a17b -> 
  custom:container-demuxer-webm: 4f35f7cbe854078d1ac9338744f61a02 -> 
  custom:container-demuxer-ogg: 62fdf1f143b41e24485cea50d1cbac27 -> 
  custom:video-encoder-webm-vp8: eb34c28f22e8b96e1ab97ce403110664 -> 
  custom:video-codec-MediaFoundation-h265: 746d11721c4dcdbdad8f713fa42b33f4 -> 
  custom:video-decoder-webm-vp8: 9c59270c3fd7afecdb556c50c9e8de78 -> 
  custom:audio-decoder-ogg-vorbis: bf7c407c2cedff20999df2af8eb42d56 -> 
  custom:audio-encoder-webm-vorbis: bf7c407c2cedff20999df2af8eb42d56 -> 
========================================================================
Received Import Request.
  Time since last request: 407.314981 seconds.
  path: Assets/Sprites/Objects/Basic Furniture.png
  artifactKey: Guid(b05ae20b1f05c7d4bbbcbe7ca3b606f9) Importer(815301076,1909f56bfc062723c751e8b465ee728b)
Start importing Assets/Sprites/Objects/Basic Furniture.png using Guid(b05ae20b1f05c7d4bbbcbe7ca3b606f9) Importer(815301076,1909f56bfc062723c751e8b465ee728b)  -> (artifact id: 'bc26e44eabc438750301aab3d69e5c1f') in 0.308282 seconds 
  Import took 0.321912 seconds .

========================================================================
Received Import Request.
  Time since last request: 9.181683 seconds.
  path: Assets/Sprites/Objects/Basic Furniture.png
  artifactKey: Guid(b05ae20b1f05c7d4bbbcbe7ca3b606f9) Importer(815301076,1909f56bfc062723c751e8b465ee728b)
Start importing Assets/Sprites/Objects/Basic Furniture.png using Guid(b05ae20b1f05c7d4bbbcbe7ca3b606f9) Importer(815301076,1909f56bfc062723c751e8b465ee728b)  -> (artifact id: '73ba650d7b867a2725527d1e962d93be') in 0.216400 seconds 
  Import took 0.299159 seconds .

========================================================================
Received Import Request.
  Time since last request: 4.467080 seconds.
  path: Assets/Sprites/Objects/Basic Furniture.png
  artifactKey: Guid(b05ae20b1f05c7d4bbbcbe7ca3b606f9) Importer(815301076,1909f56bfc062723c751e8b465ee728b)
Start importing Assets/Sprites/Objects/Basic Furniture.png using Guid(b05ae20b1f05c7d4bbbcbe7ca3b606f9) Importer(815301076,1909f56bfc062723c751e8b465ee728b)  -> (artifact id: 'eb9ef853a3ec968827a0d551556a4bb8') in 0.214320 seconds 
  Import took 0.277009 seconds .

========================================================================
Received Import Request.
  Time since last request: 3.836066 seconds.
  path: Assets/Sprites/Objects/Basic Furniture.png
  artifactKey: Guid(b05ae20b1f05c7d4bbbcbe7ca3b606f9) Importer(815301076,1909f56bfc062723c751e8b465ee728b)
Start importing Assets/Sprites/Objects/Basic Furniture.png using Guid(b05ae20b1f05c7d4bbbcbe7ca3b606f9) Importer(815301076,1909f56bfc062723c751e8b465ee728b)  -> (artifact id: 'b2cfce0eb0ee93ffeb873e5973314eac') in 0.236852 seconds 
  Import took 0.319123 seconds .

========================================================================
Received Import Request.
  Time since last request: 11.026142 seconds.
  path: Assets/Sprites/Objects/Basic Furniture.png
  artifactKey: Guid(b05ae20b1f05c7d4bbbcbe7ca3b606f9) Importer(815301076,1909f56bfc062723c751e8b465ee728b)
Start importing Assets/Sprites/Objects/Basic Furniture.png using Guid(b05ae20b1f05c7d4bbbcbe7ca3b606f9) Importer(815301076,1909f56bfc062723c751e8b465ee728b)  -> (artifact id: '1176e6e757fe0fee4f958c9674236214') in 0.231847 seconds 
  Import took 0.241865 seconds .

========================================================================
Received Import Request.
  Time since last request: 3.613708 seconds.
  path: Assets/Sprites/Objects/Basic Furniture.png
  artifactKey: Guid(b05ae20b1f05c7d4bbbcbe7ca3b606f9) Importer(815301076,1909f56bfc062723c751e8b465ee728b)
Start importing Assets/Sprites/Objects/Basic Furniture.png using Guid(b05ae20b1f05c7d4bbbcbe7ca3b606f9) Importer(815301076,1909f56bfc062723c751e8b465ee728b)  -> (artifact id: '42aae5f8d57c99c92e3650cd711412fd') in 0.187606 seconds 
  Import took 0.219954 seconds .

========================================================================
Received Prepare
Refreshing native plugins compatible for Editor in 5.99 ms, found 3 plugins.
Preloading 0 native plugins for Editor in 0.00 ms.
Unloading 16 Unused Serialized files (Serialized files now loaded: 0)
System memory in use before: 80.9 MB.
System memory in use after: 81.1 MB.

Unloading 16 unused Assets to reduce memory usage. Loaded Objects now: 3635.
Total: 9.641500 ms (FindLiveObjects: 0.408800 ms CreateObjectMapping: 0.250800 ms MarkObjects: 8.947000 ms  DeleteObjects: 0.032900 ms)

AssetImportParameters requested are different than current active one (requested -> active):
  custom:framework-win-MediaFoundation: 216162199b28c13a410421893ffa2e32 -> 
  custom:video-decoder-ogg-theora: a1e56fd34408186e4bbccfd4996cb3dc -> 
  custom:container-muxer-webm: aa71ff27fc2769a1b78a27578f13a17b -> 
  custom:container-demuxer-webm: 4f35f7cbe854078d1ac9338744f61a02 -> 
  custom:container-demuxer-ogg: 62fdf1f143b41e24485cea50d1cbac27 -> 
  custom:video-encoder-webm-vp8: eb34c28f22e8b96e1ab97ce403110664 -> 
  custom:video-codec-MediaFoundation-h265: 746d11721c4dcdbdad8f713fa42b33f4 -> 
  custom:video-decoder-webm-vp8: 9c59270c3fd7afecdb556c50c9e8de78 -> 
  custom:audio-decoder-ogg-vorbis: bf7c407c2cedff20999df2af8eb42d56 -> 
  custom:audio-encoder-webm-vorbis: bf7c407c2cedff20999df2af8eb42d56 -> 
========================================================================
Received Import Request.
  Time since last request: 470.667566 seconds.
  path: Assets/Sprites/Objects/Basic Furniture.png
  artifactKey: Guid(b05ae20b1f05c7d4bbbcbe7ca3b606f9) Importer(815301076,1909f56bfc062723c751e8b465ee728b)
Start importing Assets/Sprites/Objects/Basic Furniture.png using Guid(b05ae20b1f05c7d4bbbcbe7ca3b606f9) Importer(815301076,1909f56bfc062723c751e8b465ee728b)  -> (artifact id: '1551d65ae9e73f0b6ed93117bd764c94') in 0.207595 seconds 
  Import took 0.241386 seconds .

========================================================================
Received Prepare
Refreshing native plugins compatible for Editor in 6.44 ms, found 3 plugins.
Preloading 0 native plugins for Editor in 0.00 ms.
Unloading 16 Unused Serialized files (Serialized files now loaded: 0)
System memory in use before: 81.0 MB.
System memory in use after: 81.2 MB.

Unloading 16 unused Assets to reduce memory usage. Loaded Objects now: 3635.
Total: 7.762300 ms (FindLiveObjects: 0.426100 ms CreateObjectMapping: 0.283700 ms MarkObjects: 7.015400 ms  DeleteObjects: 0.035100 ms)

AssetImportParameters requested are different than current active one (requested -> active):
  custom:framework-win-MediaFoundation: 216162199b28c13a410421893ffa2e32 -> 
  custom:video-decoder-ogg-theora: a1e56fd34408186e4bbccfd4996cb3dc -> 
  custom:container-muxer-webm: aa71ff27fc2769a1b78a27578f13a17b -> 
  custom:container-demuxer-webm: 4f35f7cbe854078d1ac9338744f61a02 -> 
  custom:container-demuxer-ogg: 62fdf1f143b41e24485cea50d1cbac27 -> 
  custom:video-encoder-webm-vp8: eb34c28f22e8b96e1ab97ce403110664 -> 
  custom:video-codec-MediaFoundation-h265: 746d11721c4dcdbdad8f713fa42b33f4 -> 
  custom:video-decoder-webm-vp8: 9c59270c3fd7afecdb556c50c9e8de78 -> 
  custom:audio-decoder-ogg-vorbis: bf7c407c2cedff20999df2af8eb42d56 -> 
  custom:audio-encoder-webm-vorbis: bf7c407c2cedff20999df2af8eb42d56 -> 
AssetImportWorkerClient::OnTransportError - code=2 error=End of file
